[debug] [2023-02-10T03:23:44.154Z] ----------------------------------------------------------------------
[debug] [2023-02-10T03:23:44.157Z] Command:       C:\Program Files\nodejs\node.exe C:\Users\afjol\AppData\Roaming\npm\node_modules\firebase-tools\lib\bin\firebase.js init
[debug] [2023-02-10T03:23:44.158Z] CLI Version:   11.19.0
[debug] [2023-02-10T03:23:44.158Z] Platform:      win32
[debug] [2023-02-10T03:23:44.158Z] Node Version:  v16.15.0
[debug] [2023-02-10T03:23:44.159Z] Time:          Fri Feb 10 2023 09:23:44 GMT+0600 (Bangladesh Standard Time)
[debug] [2023-02-10T03:23:44.159Z] ----------------------------------------------------------------------
[debug] 
[debug] [2023-02-10T03:23:44.164Z] >>> [apiv2][query] GET https://firebase-public.firebaseio.com/cli.json [none]
[debug] [2023-02-10T03:23:44.190Z] > command requires scopes: ["email","openid","https://www.googleapis.com/auth/cloudplatformprojects.readonly","https://www.googleapis.com/auth/firebase","https://www.googleapis.com/auth/cloud-platform"]
[debug] [2023-02-10T03:23:44.191Z] > authorizing via signed-in user (afjolhossain020@gmail.com)
[info] 
     ######## #### ########  ######## ########     ###     ######  ########
     ##        ##  ##     ## ##       ##     ##  ##   ##  ##       ##
     ######    ##  ########  ######   ########  #########  ######  ######
     ##        ##  ##    ##  ##       ##     ## ##     ##       ## ##
     ##       #### ##     ## ######## ########  ##     ##  ######  ########

You're about to initialize a Firebase project in this directory:

  C:\Webdevelopment-Rec\resale-furniture-client

Before we get started, keep in mind:

  * You are currently outside your home directory

[debug] [2023-02-10T03:23:44.871Z] <<< [apiv2][status] GET https://firebase-public.firebaseio.com/cli.json 200
[debug] [2023-02-10T03:23:44.872Z] <<< [apiv2][body] GET https://firebase-public.firebaseio.com/cli.json {"cloudBuildErrorAfter":1594252800000,"cloudBuildWarnAfter":1590019200000,"defaultNode10After":1594252800000,"minVersion":"3.0.5","node8DeploysDisabledAfter":1613390400000,"node8RuntimeDisabledAfter":1615809600000,"node8WarnAfter":1600128000000}
[info] 
=== Project Setup
[info] 
[info] First, let's associate this project directory with a Firebase project.
[info] You can create multiple project aliases by running firebase use --add, 
[info] but for now we'll just set up a default project.
[info] 
[debug] [2023-02-10T03:24:52.768Z] > refreshing access token with scopes: []
[debug] [2023-02-10T03:24:52.770Z] >>> [apiv2][query] POST https://www.googleapis.com/oauth2/v3/token [none]
[debug] [2023-02-10T03:24:52.770Z] >>> [apiv2][body] POST https://www.googleapis.com/oauth2/v3/token [omitted]
[debug] [2023-02-10T03:24:53.141Z] <<< [apiv2][status] POST https://www.googleapis.com/oauth2/v3/token 200
[debug] [2023-02-10T03:24:53.142Z] <<< [apiv2][body] POST https://www.googleapis.com/oauth2/v3/token [omitted]
[debug] [2023-02-10T03:24:53.175Z] >>> [apiv2][query] GET https://firebase.googleapis.com/v1beta1/projects pageSize=100
[debug] [2023-02-10T03:24:54.256Z] <<< [apiv2][status] GET https://firebase.googleapis.com/v1beta1/projects 200
[debug] [2023-02-10T03:24:54.256Z] <<< [apiv2][body] GET https://firebase.googleapis.com/v1beta1/projects [omitted]
[info] i  Using project resale-products-e2c7c (resale-products) 
[info] 
=== Hosting Setup
[info] 
[info] Your public directory is the folder (relative to your project directory) that
[info] will contain Hosting assets to be uploaded with firebase deploy. If you
[info] have a build process for your assets, use your build's output directory.
[info] 
